<?xml version="1.0" encoding="UTF-8"?>
<testsuite xmlns:xsi="http://www.w3.org/2001/XMLSchema-instance" xsi:noNamespaceSchemaLocation="https://maven.apache.org/surefire/maven-surefire-plugin/xsd/surefire-test-report-3.0.xsd" version="3.0" name="runner.TestRunnerClass" time="20.836" tests="3" errors="1" skipped="0" failures="0">
  <properties>
[...]
</properties>
  <testcase name="Successful Login with valid credentials" classname="Login Page Functionality" time="8.509">
    <system-out><![CDATA[Login Successful
]]></system-out>
    <system-err><![CDATA[Dec 19, 2024 4:31:13 PM org.openqa.selenium.devtools.CdpVersionFinder findNearestMatch
WARNING: Unable to find an exact match for CDP version 131, returning the closest version; found: 129; Please update to a Selenium version that supports CDP version 131
]]></system-err>
  </testcase>
  <testcase name="UnSuccessful Login with invalid credentials" classname="Login Page Functionality" time="7.399">
    <system-out><![CDATA[Username and password are required
]]></system-out>
    <system-err><![CDATA[Dec 19, 2024 4:31:20 PM org.openqa.selenium.devtools.CdpVersionFinder findNearestMatch
WARNING: Unable to find an exact match for CDP version 131, returning the closest version; found: 129; Please update to a Selenium version that supports CDP version 131
]]></system-err>
  </testcase>
  <testcase name="Login with empty credentials" classname="Login Page Functionality" time="4.305">
    <error message="The step &apos;The User leaves the &quot;&lt;username&gt;&quot; and &quot;&lt;password&gt;&quot; fields empty&apos; and 1 other step(s) are undefined.&#10;You can implement these steps using the snippet(s) below:&#10;&#10;@When(&quot;The User leaves the {string} and {string} fields empty&quot;)&#10;public void the_user_leaves_the_and_fields_empty(String string, String string2) {&#10;    // Write code here that turns the phrase above into concrete actions&#10;    throw new io.cucumber.java.PendingException();&#10;}&#10;@Then(&quot;A valid msg should be displayed&quot;)&#10;public void a_valid_msg_should_be_displayed() {&#10;    // Write code here that turns the phrase above into concrete actions&#10;    throw new io.cucumber.java.PendingException();&#10;}&#10;" type="io.cucumber.junit.UndefinedStepException"><![CDATA[io.cucumber.junit.UndefinedStepException: 
The step 'The User leaves the "<username>" and "<password>" fields empty' and 1 other step(s) are undefined.
You can implement these steps using the snippet(s) below:

@When("The User leaves the {string} and {string} fields empty")
public void the_user_leaves_the_and_fields_empty(String string, String string2) {
    // Write code here that turns the phrase above into concrete actions
    throw new io.cucumber.java.PendingException();
}
@Then("A valid msg should be displayed")
public void a_valid_msg_should_be_displayed() {
    // Write code here that turns the phrase above into concrete actions
    throw new io.cucumber.java.PendingException();
}

]]></error>
    <system-err><![CDATA[Dec 19, 2024 4:31:27 PM org.openqa.selenium.devtools.CdpVersionFinder findNearestMatch
WARNING: Unable to find an exact match for CDP version 131, returning the closest version; found: 129; Please update to a Selenium version that supports CDP version 131
]]></system-err>
  </testcase>
</testsuite>